TN:
SF:src\app.ts
FNF:0
FNH:0
DA:1,1
DA:2,1
DA:3,1
DA:4,1
DA:5,1
DA:6,1
DA:7,1
DA:8,1
DA:9,1
LF:9
LH:9
BRF:0
BRH:0
end_of_record
TN:
SF:src\modules\registros\controller.ts
FN:6,validarData
FN:11,validarIntervalo
FN:16,criar
FN:47,listar
FN:59,buscarPorId
FN:81,atualizar
FN:125,remover
FNF:7
FNH:7
FNDA:4,validarData
FNDA:3,validarIntervalo
FNDA:2,criar
FNDA:1,listar
FNDA:1,buscarPorId
FNDA:1,atualizar
FNDA:1,remover
DA:1,1
DA:2,1
DA:3,1
DA:4,1
DA:5,1
DA:6,1
DA:7,4
DA:8,4
DA:9,4
DA:10,1
DA:11,1
DA:12,3
DA:13,3
DA:14,3
DA:15,1
DA:16,1
DA:17,2
DA:18,2
DA:19,2
DA:20,2
DA:21,2
DA:22,2
DA:23,2
DA:24,2
DA:25,2
DA:26,1
DA:27,1
DA:28,1
DA:29,1
DA:30,1
DA:31,1
DA:32,1
DA:33,1
DA:34,1
DA:35,1
DA:36,2
DA:37,2
DA:38,2
DA:39,1
DA:40,1
DA:41,2
DA:42,0
DA:43,0
DA:44,0
DA:45,2
DA:46,1
DA:47,1
DA:48,1
DA:49,1
DA:50,1
DA:51,1
DA:52,1
DA:53,1
DA:54,0
DA:55,0
DA:56,0
DA:57,1
DA:58,1
DA:59,1
DA:60,1
DA:61,1
DA:62,1
DA:63,0
DA:64,0
DA:65,0
DA:66,1
DA:67,1
DA:68,1
DA:69,1
DA:70,0
DA:71,0
DA:72,0
DA:73,1
DA:74,1
DA:75,1
DA:76,0
DA:77,0
DA:78,0
DA:79,1
DA:80,1
DA:81,1
DA:82,1
DA:83,1
DA:84,1
DA:85,0
DA:86,0
DA:87,0
DA:88,1
DA:89,1
DA:90,1
DA:91,1
DA:92,1
DA:93,1
DA:94,1
DA:95,1
DA:96,1
DA:97,1
DA:98,0
DA:99,0
DA:100,0
DA:101,1
DA:102,1
DA:103,1
DA:104,1
DA:105,1
DA:106,1
DA:107,1
DA:108,1
DA:109,1
DA:110,1
DA:111,1
DA:112,1
DA:113,1
DA:114,0
DA:115,0
DA:116,0
DA:117,0
DA:118,0
DA:119,0
DA:120,0
DA:121,0
DA:122,0
DA:123,1
DA:124,1
DA:125,1
DA:126,1
DA:127,1
DA:128,1
DA:129,0
DA:130,0
DA:131,0
DA:132,1
DA:133,1
DA:134,1
DA:135,1
DA:136,1
DA:137,0
DA:138,0
DA:139,0
DA:140,0
DA:141,0
DA:142,0
DA:143,0
DA:144,0
DA:145,0
DA:146,1
DA:147,1
DA:148,1
DA:149,1
LF:149
LH:107
BRDA:6,0,0,4
BRDA:11,1,0,3
BRDA:16,2,0,2
BRDA:21,3,0,1
BRDA:22,4,0,0
BRDA:23,5,0,1
BRDA:25,6,0,1
BRDA:36,7,0,0
BRDA:39,8,0,1
BRDA:41,9,0,0
BRDA:47,10,0,1
BRDA:53,11,0,0
BRDA:59,12,0,1
BRDA:62,13,0,0
BRDA:69,14,0,0
BRDA:75,15,0,0
BRDA:81,16,0,1
BRDA:84,17,0,0
BRDA:93,18,0,0
BRDA:93,19,0,0
BRDA:94,20,0,0
BRDA:94,21,0,0
BRDA:95,22,0,0
BRDA:97,23,0,0
BRDA:105,24,0,0
BRDA:106,25,0,0
BRDA:107,26,0,0
BRDA:108,27,0,0
BRDA:113,28,0,0
BRDA:125,29,0,1
BRDA:128,30,0,0
BRDA:136,31,0,0
BRF:32
BRH:11
end_of_record
TN:
SF:src\prisma\client.ts
FNF:0
FNH:0
DA:1,1
DA:2,1
DA:3,1
DA:4,1
DA:5,1
LF:5
LH:5
BRF:0
BRH:0
end_of_record
TN:
SF:src\routes\registroRoutes.ts
FNF:0
FNH:0
DA:1,1
DA:2,1
DA:3,1
DA:4,1
DA:5,1
DA:6,1
DA:7,1
DA:8,1
DA:9,1
DA:10,1
DA:11,1
DA:12,1
LF:12
LH:12
BRF:0
BRH:0
end_of_record
